<?xml version="1.0" encoding="UTF-8"?>
<!-- Generated by org.testng.reporters.JUnitXMLReporter -->
<testsuite ignored="0" hostname="AUTOMATION-LAB" failures="2" tests="2" name="Test" time="17.904" errors="0" timestamp="2023-10-25T09:14:41 IST">
  <testcase classname="runner_scripts.TestScript1" name="test1" time="5.081">
    <failure type="java.lang.AssertionError" message="null">
      <![CDATA[java.lang.AssertionError: null
at runner_scripts.TestScript1.test1(TestScript1.java:20)
at java.base/java.util.ArrayList.forEach(ArrayList.java:1511)
... Removed 29 stack frames]]>
    </failure>
  </testcase> <!-- test1 -->
  <testcase classname="runner_scripts.TestScript1" name="test1" time="4.899">
    <failure type="java.lang.AssertionError" message="null">
      <![CDATA[java.lang.AssertionError: null
at runner_scripts.TestScript1.test1(TestScript1.java:20)
at java.base/java.util.ArrayList.forEach(ArrayList.java:1511)
... Removed 29 stack frames]]>
    </failure>
  </testcase> <!-- test1 -->
</testsuite> <!-- Test -->
